ARM GAS  /tmp/cchRHsay.s 			page 1


   1              		.cpu cortex-m3
   2              		.eabi_attribute 20, 1
   3              		.eabi_attribute 21, 1
   4              		.eabi_attribute 23, 3
   5              		.eabi_attribute 24, 1
   6              		.eabi_attribute 25, 1
   7              		.eabi_attribute 26, 1
   8              		.eabi_attribute 30, 1
   9              		.eabi_attribute 34, 1
  10              		.eabi_attribute 18, 4
  11              		.file	"main.c"
  12              		.text
  13              	.Ltext0:
  14              		.cfi_sections	.debug_frame
  15              		.section	.text.SystemClock_Config,"ax",%progbits
  16              		.align	1
  17              		.global	SystemClock_Config
  18              		.syntax unified
  19              		.thumb
  20              		.thumb_func
  21              		.fpu softvfp
  23              	SystemClock_Config:
  24              	.LFB66:
  25              		.file 1 "Src/main.c"
   1:Src/main.c    **** /* USER CODE BEGIN Header */
   2:Src/main.c    **** /**
   3:Src/main.c    ****   ******************************************************************************
   4:Src/main.c    ****   * @file           : main.c
   5:Src/main.c    ****   * @brief          : Main program body
   6:Src/main.c    ****   ******************************************************************************
   7:Src/main.c    ****   * @attention
   8:Src/main.c    ****   *
   9:Src/main.c    ****   * <h2><center>&copy; Copyright (c) 2020 STMicroelectronics.
  10:Src/main.c    ****   * All rights reserved.</center></h2>
  11:Src/main.c    ****   *
  12:Src/main.c    ****   * This software component is licensed by ST under BSD 3-Clause license,
  13:Src/main.c    ****   * the "License"; You may not use this file except in compliance with the
  14:Src/main.c    ****   * License. You may obtain a copy of the License at:
  15:Src/main.c    ****   *                        opensource.org/licenses/BSD-3-Clause
  16:Src/main.c    ****   *
  17:Src/main.c    ****   ******************************************************************************
  18:Src/main.c    ****   */
  19:Src/main.c    **** /* USER CODE END Header */
  20:Src/main.c    **** 
  21:Src/main.c    **** /* Includes ------------------------------------------------------------------*/
  22:Src/main.c    **** #include "main.h"
  23:Src/main.c    **** #include "i2c.h"
  24:Src/main.c    **** #include "gpio.h"
  25:Src/main.c    **** 
  26:Src/main.c    **** /* Private includes ----------------------------------------------------------*/
  27:Src/main.c    **** /* USER CODE BEGIN Includes */
  28:Src/main.c    **** 
  29:Src/main.c    **** /* USER CODE END Includes */
  30:Src/main.c    **** 
  31:Src/main.c    **** /* Private typedef -----------------------------------------------------------*/
  32:Src/main.c    **** /* USER CODE BEGIN PTD */
  33:Src/main.c    **** 
ARM GAS  /tmp/cchRHsay.s 			page 2


  34:Src/main.c    **** /* USER CODE END PTD */
  35:Src/main.c    **** 
  36:Src/main.c    **** /* Private define ------------------------------------------------------------*/
  37:Src/main.c    **** /* USER CODE BEGIN PD */
  38:Src/main.c    **** /* USER CODE END PD */
  39:Src/main.c    **** 
  40:Src/main.c    **** /* Private macro -------------------------------------------------------------*/
  41:Src/main.c    **** /* USER CODE BEGIN PM */
  42:Src/main.c    **** 
  43:Src/main.c    **** /* USER CODE END PM */
  44:Src/main.c    **** 
  45:Src/main.c    **** /* Private variables ---------------------------------------------------------*/
  46:Src/main.c    **** 
  47:Src/main.c    **** /* USER CODE BEGIN PV */
  48:Src/main.c    **** 
  49:Src/main.c    **** /* USER CODE END PV */
  50:Src/main.c    **** 
  51:Src/main.c    **** /* Private function prototypes -----------------------------------------------*/
  52:Src/main.c    **** void SystemClock_Config(void);
  53:Src/main.c    **** /* USER CODE BEGIN PFP */
  54:Src/main.c    **** 
  55:Src/main.c    **** /* USER CODE END PFP */
  56:Src/main.c    **** 
  57:Src/main.c    **** /* Private user code ---------------------------------------------------------*/
  58:Src/main.c    **** /* USER CODE BEGIN 0 */
  59:Src/main.c    **** 
  60:Src/main.c    **** /* USER CODE END 0 */
  61:Src/main.c    **** 
  62:Src/main.c    **** /**
  63:Src/main.c    ****   * @brief  The application entry point.
  64:Src/main.c    ****   * @retval int
  65:Src/main.c    ****   */
  66:Src/main.c    **** int main(void)
  67:Src/main.c    **** {
  68:Src/main.c    ****   /* USER CODE BEGIN 1 */
  69:Src/main.c    **** 
  70:Src/main.c    ****   /* USER CODE END 1 */
  71:Src/main.c    **** 
  72:Src/main.c    ****   /* MCU Configuration--------------------------------------------------------*/
  73:Src/main.c    **** 
  74:Src/main.c    ****   /* Reset of all peripherals, Initializes the Flash interface and the Systick. */
  75:Src/main.c    ****   HAL_Init();
  76:Src/main.c    **** 
  77:Src/main.c    ****   /* USER CODE BEGIN Init */
  78:Src/main.c    **** 
  79:Src/main.c    ****   /* USER CODE END Init */
  80:Src/main.c    **** 
  81:Src/main.c    ****   /* Configure the system clock */
  82:Src/main.c    ****   SystemClock_Config();
  83:Src/main.c    **** 
  84:Src/main.c    ****   /* USER CODE BEGIN SysInit */
  85:Src/main.c    **** 
  86:Src/main.c    ****   /* USER CODE END SysInit */
  87:Src/main.c    **** 
  88:Src/main.c    ****   /* Initialize all configured peripherals */
  89:Src/main.c    ****   MX_GPIO_Init();
  90:Src/main.c    ****   MX_I2C1_Init();
ARM GAS  /tmp/cchRHsay.s 			page 3


  91:Src/main.c    ****   /* USER CODE BEGIN 2 */
  92:Src/main.c    **** 
  93:Src/main.c    ****   /* USER CODE END 2 */
  94:Src/main.c    **** 
  95:Src/main.c    ****   /* Infinite loop */
  96:Src/main.c    ****   /* USER CODE BEGIN WHILE */
  97:Src/main.c    ****   while (1)
  98:Src/main.c    ****   {
  99:Src/main.c    ****     /* USER CODE END WHILE */
 100:Src/main.c    **** 
 101:Src/main.c    ****     /* USER CODE BEGIN 3 */
 102:Src/main.c    ****   }
 103:Src/main.c    ****   /* USER CODE END 3 */
 104:Src/main.c    **** }
 105:Src/main.c    **** 
 106:Src/main.c    **** /**
 107:Src/main.c    ****   * @brief System Clock Configuration
 108:Src/main.c    ****   * @retval None
 109:Src/main.c    ****   */
 110:Src/main.c    **** void SystemClock_Config(void)
 111:Src/main.c    **** {
  26              		.loc 1 111 0
  27              		.cfi_startproc
  28              		@ args = 0, pretend = 0, frame = 64
  29              		@ frame_needed = 0, uses_anonymous_args = 0
  30 0000 30B5     		push	{r4, r5, lr}
  31              	.LCFI0:
  32              		.cfi_def_cfa_offset 12
  33              		.cfi_offset 4, -12
  34              		.cfi_offset 5, -8
  35              		.cfi_offset 14, -4
  36 0002 91B0     		sub	sp, sp, #68
  37              	.LCFI1:
  38              		.cfi_def_cfa_offset 80
 112:Src/main.c    ****   RCC_OscInitTypeDef RCC_OscInitStruct = {0};
  39              		.loc 1 112 0
  40 0004 2822     		movs	r2, #40
  41 0006 0021     		movs	r1, #0
  42 0008 06A8     		add	r0, sp, #24
  43 000a FFF7FEFF 		bl	memset
  44              	.LVL0:
 113:Src/main.c    ****   RCC_ClkInitTypeDef RCC_ClkInitStruct = {0};
  45              		.loc 1 113 0
  46 000e 0024     		movs	r4, #0
  47 0010 0194     		str	r4, [sp, #4]
  48 0012 0294     		str	r4, [sp, #8]
  49 0014 0394     		str	r4, [sp, #12]
  50 0016 0494     		str	r4, [sp, #16]
  51 0018 0594     		str	r4, [sp, #20]
 114:Src/main.c    **** 
 115:Src/main.c    ****   /** Initializes the CPU, AHB and APB busses clocks 
 116:Src/main.c    ****   */
 117:Src/main.c    ****   RCC_OscInitStruct.OscillatorType = RCC_OSCILLATORTYPE_HSE;
  52              		.loc 1 117 0
  53 001a 0122     		movs	r2, #1
  54 001c 0692     		str	r2, [sp, #24]
 118:Src/main.c    ****   RCC_OscInitStruct.HSEState = RCC_HSE_ON;
ARM GAS  /tmp/cchRHsay.s 			page 4


  55              		.loc 1 118 0
  56 001e 4FF48033 		mov	r3, #65536
  57 0022 0793     		str	r3, [sp, #28]
 119:Src/main.c    ****   RCC_OscInitStruct.HSEPredivValue = RCC_HSE_PREDIV_DIV1;
 120:Src/main.c    ****   RCC_OscInitStruct.HSIState = RCC_HSI_ON;
  58              		.loc 1 120 0
  59 0024 0A92     		str	r2, [sp, #40]
 121:Src/main.c    ****   RCC_OscInitStruct.PLL.PLLState = RCC_PLL_ON;
  60              		.loc 1 121 0
  61 0026 0225     		movs	r5, #2
  62 0028 0D95     		str	r5, [sp, #52]
 122:Src/main.c    ****   RCC_OscInitStruct.PLL.PLLSource = RCC_PLLSOURCE_HSE;
  63              		.loc 1 122 0
  64 002a 0E93     		str	r3, [sp, #56]
 123:Src/main.c    ****   RCC_OscInitStruct.PLL.PLLMUL = RCC_PLL_MUL9;
  65              		.loc 1 123 0
  66 002c 4FF4E013 		mov	r3, #1835008
  67 0030 0F93     		str	r3, [sp, #60]
 124:Src/main.c    ****   if (HAL_RCC_OscConfig(&RCC_OscInitStruct) != HAL_OK)
  68              		.loc 1 124 0
  69 0032 06A8     		add	r0, sp, #24
  70 0034 FFF7FEFF 		bl	HAL_RCC_OscConfig
  71              	.LVL1:
 125:Src/main.c    ****   {
 126:Src/main.c    ****     Error_Handler();
 127:Src/main.c    ****   }
 128:Src/main.c    ****   /** Initializes the CPU, AHB and APB busses clocks 
 129:Src/main.c    ****   */
 130:Src/main.c    ****   RCC_ClkInitStruct.ClockType = RCC_CLOCKTYPE_HCLK|RCC_CLOCKTYPE_SYSCLK
  72              		.loc 1 130 0
  73 0038 0F23     		movs	r3, #15
  74 003a 0193     		str	r3, [sp, #4]
 131:Src/main.c    ****                               |RCC_CLOCKTYPE_PCLK1|RCC_CLOCKTYPE_PCLK2;
 132:Src/main.c    ****   RCC_ClkInitStruct.SYSCLKSource = RCC_SYSCLKSOURCE_PLLCLK;
  75              		.loc 1 132 0
  76 003c 0295     		str	r5, [sp, #8]
 133:Src/main.c    ****   RCC_ClkInitStruct.AHBCLKDivider = RCC_SYSCLK_DIV1;
  77              		.loc 1 133 0
  78 003e 0394     		str	r4, [sp, #12]
 134:Src/main.c    ****   RCC_ClkInitStruct.APB1CLKDivider = RCC_HCLK_DIV2;
  79              		.loc 1 134 0
  80 0040 4FF48063 		mov	r3, #1024
  81 0044 0493     		str	r3, [sp, #16]
 135:Src/main.c    ****   RCC_ClkInitStruct.APB2CLKDivider = RCC_HCLK_DIV1;
  82              		.loc 1 135 0
  83 0046 0594     		str	r4, [sp, #20]
 136:Src/main.c    **** 
 137:Src/main.c    ****   if (HAL_RCC_ClockConfig(&RCC_ClkInitStruct, FLASH_LATENCY_2) != HAL_OK)
  84              		.loc 1 137 0
  85 0048 2946     		mov	r1, r5
  86 004a 01A8     		add	r0, sp, #4
  87 004c FFF7FEFF 		bl	HAL_RCC_ClockConfig
  88              	.LVL2:
 138:Src/main.c    ****   {
 139:Src/main.c    ****     Error_Handler();
 140:Src/main.c    ****   }
 141:Src/main.c    **** }
ARM GAS  /tmp/cchRHsay.s 			page 5


  89              		.loc 1 141 0
  90 0050 11B0     		add	sp, sp, #68
  91              	.LCFI2:
  92              		.cfi_def_cfa_offset 12
  93              		@ sp needed
  94 0052 30BD     		pop	{r4, r5, pc}
  95              		.cfi_endproc
  96              	.LFE66:
  98              		.section	.text.main,"ax",%progbits
  99              		.align	1
 100              		.global	main
 101              		.syntax unified
 102              		.thumb
 103              		.thumb_func
 104              		.fpu softvfp
 106              	main:
 107              	.LFB65:
  67:Src/main.c    ****   /* USER CODE BEGIN 1 */
 108              		.loc 1 67 0
 109              		.cfi_startproc
 110              		@ Volatile: function does not return.
 111              		@ args = 0, pretend = 0, frame = 0
 112              		@ frame_needed = 0, uses_anonymous_args = 0
 113 0000 08B5     		push	{r3, lr}
 114              	.LCFI3:
 115              		.cfi_def_cfa_offset 8
 116              		.cfi_offset 3, -8
 117              		.cfi_offset 14, -4
  75:Src/main.c    **** 
 118              		.loc 1 75 0
 119 0002 FFF7FEFF 		bl	HAL_Init
 120              	.LVL3:
  82:Src/main.c    **** 
 121              		.loc 1 82 0
 122 0006 FFF7FEFF 		bl	SystemClock_Config
 123              	.LVL4:
  89:Src/main.c    ****   MX_I2C1_Init();
 124              		.loc 1 89 0
 125 000a FFF7FEFF 		bl	MX_GPIO_Init
 126              	.LVL5:
  90:Src/main.c    ****   /* USER CODE BEGIN 2 */
 127              		.loc 1 90 0
 128 000e FFF7FEFF 		bl	MX_I2C1_Init
 129              	.LVL6:
 130              	.L4:
 131 0012 FEE7     		b	.L4
 132              		.cfi_endproc
 133              	.LFE65:
 135              		.section	.text.Error_Handler,"ax",%progbits
 136              		.align	1
 137              		.global	Error_Handler
 138              		.syntax unified
 139              		.thumb
 140              		.thumb_func
 141              		.fpu softvfp
 143              	Error_Handler:
 144              	.LFB67:
ARM GAS  /tmp/cchRHsay.s 			page 6


 142:Src/main.c    **** 
 143:Src/main.c    **** /* USER CODE BEGIN 4 */
 144:Src/main.c    **** 
 145:Src/main.c    **** /* USER CODE END 4 */
 146:Src/main.c    **** 
 147:Src/main.c    **** /**
 148:Src/main.c    ****   * @brief  This function is executed in case of error occurrence.
 149:Src/main.c    ****   * @retval None
 150:Src/main.c    ****   */
 151:Src/main.c    **** void Error_Handler(void)
 152:Src/main.c    **** {
 145              		.loc 1 152 0
 146              		.cfi_startproc
 147              		@ args = 0, pretend = 0, frame = 0
 148              		@ frame_needed = 0, uses_anonymous_args = 0
 149              		@ link register save eliminated.
 150 0000 7047     		bx	lr
 151              		.cfi_endproc
 152              	.LFE67:
 154              		.text
 155              	.Letext0:
 156              		.file 2 "/usr/include/newlib/machine/_default_types.h"
 157              		.file 3 "/usr/include/newlib/sys/_stdint.h"
 158              		.file 4 "Drivers/CMSIS/Include/core_cm3.h"
 159              		.file 5 "Drivers/CMSIS/Device/ST/STM32F1xx/Include/system_stm32f1xx.h"
 160              		.file 6 "Drivers/CMSIS/Device/ST/STM32F1xx/Include/stm32f103xe.h"
 161              		.file 7 "Drivers/STM32F1xx_HAL_Driver/Inc/stm32f1xx_hal_def.h"
 162              		.file 8 "Drivers/STM32F1xx_HAL_Driver/Inc/stm32f1xx_hal_rcc.h"
 163              		.file 9 "Drivers/STM32F1xx_HAL_Driver/Inc/stm32f1xx_hal_rcc_ex.h"
 164              		.file 10 "Drivers/STM32F1xx_HAL_Driver/Inc/stm32f1xx_hal_dma.h"
 165              		.file 11 "Drivers/STM32F1xx_HAL_Driver/Inc/stm32f1xx_hal_i2c.h"
 166              		.file 12 "Drivers/STM32F1xx_HAL_Driver/Inc/stm32f1xx_hal.h"
 167              		.file 13 "Inc/i2c.h"
 168              		.file 14 "Inc/gpio.h"
ARM GAS  /tmp/cchRHsay.s 			page 7


DEFINED SYMBOLS
                            *ABS*:0000000000000000 main.c
     /tmp/cchRHsay.s:16     .text.SystemClock_Config:0000000000000000 $t
     /tmp/cchRHsay.s:23     .text.SystemClock_Config:0000000000000000 SystemClock_Config
     /tmp/cchRHsay.s:99     .text.main:0000000000000000 $t
     /tmp/cchRHsay.s:106    .text.main:0000000000000000 main
     /tmp/cchRHsay.s:136    .text.Error_Handler:0000000000000000 $t
     /tmp/cchRHsay.s:143    .text.Error_Handler:0000000000000000 Error_Handler
                     .debug_frame:0000000000000010 $d

UNDEFINED SYMBOLS
memset
HAL_RCC_OscConfig
HAL_RCC_ClockConfig
HAL_Init
MX_GPIO_Init
MX_I2C1_Init
